2025-04-21 00:04:51,967 - INFO - Intraday database initialized successfully
2025-04-21 00:04:51,968 - INFO - Starting intraday screener
2025-04-21 00:04:51,968 - INFO - Processing RELIANCE for intraday setups
2025-04-21 00:04:51,970 - INFO - Processing TCS for intraday setups
2025-04-21 00:04:51,971 - INFO - Processing HDFCBANK for intraday setups
2025-04-21 00:04:51,971 - INFO - Processing INFY for intraday setups
2025-04-21 00:04:51,972 - INFO - Processing HINDUNILVR for intraday setups
2025-04-21 00:04:51,972 - INFO - Processing ICICIBANK for intraday setups
2025-04-21 00:04:51,973 - INFO - Processing SBIN for intraday setups
2025-04-21 00:04:51,974 - INFO - Processing BHARTIARTL for intraday setups
2025-04-21 00:04:51,977 - INFO - Processing KOTAKBANK for intraday setups
2025-04-21 00:04:51,979 - INFO - Processing ITC for intraday setups
2025-04-21 00:04:53,426 - ERROR - Error getting market data: single positional indexer is out-of-bounds
2025-04-21 00:04:53,597 - ERROR - Error getting market data: single positional indexer is out-of-bounds
2025-04-21 00:04:53,611 - ERROR - Error getting market data: single positional indexer is out-of-bounds
2025-04-21 00:04:53,613 - INFO - Processing HDFC for intraday setups
2025-04-21 00:04:53,655 - ERROR - Error creating chart for KOTAKBANK: string indices must be integers
2025-04-21 00:04:53,691 - ERROR - Error getting market data: single positional indexer is out-of-bounds
2025-04-21 00:04:53,693 - INFO - Processing LT for intraday setups
2025-04-21 00:04:53,701 - ERROR - Error getting market data: single positional indexer is out-of-bounds
2025-04-21 00:04:53,730 - INFO - Processing AXISBANK for intraday setups
2025-04-21 00:04:53,746 - INFO - Processing ASIANPAINT for intraday setups
2025-04-21 00:04:53,859 - ERROR - Error creating chart for ITC: string indices must be integers
2025-04-21 00:04:53,860 - INFO - Processing MARUTI for intraday setups
2025-04-21 00:04:56,952 - ERROR - Error getting market data: single positional indexer is out-of-bounds
2025-04-21 00:04:56,954 - INFO - Processing BAJFINANCE for intraday setups
2025-04-21 00:04:58,334 - ERROR - $HDFC.NS: possibly delisted; no price data found  (period=60d) (Yahoo error = "No data found, symbol may be delisted")
2025-04-21 00:04:58,335 - INFO - Processing WIPRO for intraday setups
2025-04-21 00:04:58,407 - ERROR - Error getting market data: single positional indexer is out-of-bounds
2025-04-21 00:04:58,574 - ERROR - Error getting market data: single positional indexer is out-of-bounds
2025-04-21 00:04:58,633 - ERROR - Error getting market data: single positional indexer is out-of-bounds
2025-04-21 00:04:58,657 - ERROR - Error getting market data: single positional indexer is out-of-bounds
2025-04-21 00:04:58,676 - INFO - Processing HCLTECH for intraday setups
2025-04-21 00:04:58,686 - INFO - Processing TITAN for intraday setups
2025-04-21 00:04:58,699 - INFO - Processing SUNPHARMA for intraday setups
2025-04-21 00:04:58,753 - ERROR - Error getting market data: single positional indexer is out-of-bounds
2025-04-21 00:04:58,809 - ERROR - Error getting market data: single positional indexer is out-of-bounds
2025-04-21 00:04:58,824 - INFO - Processing TATASTEEL for intraday setups
2025-04-21 00:04:58,862 - ERROR - Error getting market data: single positional indexer is out-of-bounds
2025-04-21 00:04:58,901 - INFO - Processing INDIGO for intraday setups
2025-04-21 00:04:59,079 - ERROR - Error getting market data: single positional indexer is out-of-bounds
2025-04-21 00:04:59,569 - ERROR - Error creating chart for SBIN: string indices must be integers
2025-04-21 00:04:59,614 - INFO - Processing BIOCON for intraday setups
2025-04-21 00:05:00,015 - ERROR - Error creating chart for RELIANCE: string indices must be integers
2025-04-21 00:05:00,015 - INFO - Processing APOLLOHOSP for intraday setups
2025-04-21 00:05:00,113 - ERROR - Error getting market data: single positional indexer is out-of-bounds
2025-04-21 00:05:00,125 - ERROR - Error getting market data: single positional indexer is out-of-bounds
2025-04-21 00:05:00,209 - ERROR - Error creating chart for MARUTI: string indices must be integers
2025-04-21 00:05:00,211 - INFO - Processing AUROPHARMA for intraday setups
2025-04-21 00:05:00,280 - INFO - Processing HDFCAMC for intraday setups
2025-04-21 00:05:00,646 - ERROR - Error getting market data: single positional indexer is out-of-bounds
2025-04-21 00:05:00,718 - ERROR - Error getting market data: single positional indexer is out-of-bounds
2025-04-21 00:05:00,755 - ERROR - Error getting market data: single positional indexer is out-of-bounds
2025-04-21 00:05:00,788 - INFO - Processing MPHASIS for intraday setups
2025-04-21 00:05:00,833 - INFO - Processing PIIND for intraday setups
2025-04-21 00:05:00,838 - ERROR - Error creating chart for BAJFINANCE: string indices must be integers
2025-04-21 00:05:01,042 - ERROR - Error getting market data: single positional indexer is out-of-bounds
2025-04-21 00:05:01,091 - ERROR - Error getting market data: single positional indexer is out-of-bounds
2025-04-21 00:05:01,160 - INFO - Processing HAVELLS for intraday setups
2025-04-21 00:05:01,241 - ERROR - Error getting market data: single positional indexer is out-of-bounds
2025-04-21 00:05:01,570 - INFO - Processing BERGEPAINT for intraday setups
2025-04-21 00:05:01,652 - ERROR - Error creating chart for TATASTEEL: string indices must be integers
2025-04-21 00:05:01,663 - INFO - Processing TORNTPHARM for intraday setups
2025-04-21 00:05:02,041 - ERROR - Error getting market data: single positional indexer is out-of-bounds
2025-04-21 00:05:02,229 - ERROR - Error getting market data: single positional indexer is out-of-bounds
2025-04-21 00:05:02,290 - ERROR - Error getting market data: single positional indexer is out-of-bounds
2025-04-21 00:05:02,379 - ERROR - Error creating chart for SUNPHARMA: string indices must be integers
2025-04-21 00:05:02,379 - INFO - Processing PEL for intraday setups
2025-04-21 00:05:02,703 - ERROR - Error getting market data: single positional indexer is out-of-bounds
2025-04-21 00:05:03,058 - ERROR - Error creating chart for TITAN: string indices must be integers
2025-04-21 00:05:03,064 - INFO - Processing TATAPOWER for intraday setups
2025-04-21 00:05:03,232 - ERROR - Error getting market data: single positional indexer is out-of-bounds
2025-04-21 00:05:03,251 - ERROR - Error creating chart for APOLLOHOSP: string indices must be integers
2025-04-21 00:05:03,284 - ERROR - Error getting market data: single positional indexer is out-of-bounds
2025-04-21 00:05:03,326 - INFO - Processing DABUR for intraday setups
2025-04-21 00:05:03,378 - ERROR - Error creating chart for HDFCAMC: string indices must be integers
2025-04-21 00:05:03,388 - INFO - Processing MUTHOOTFIN for intraday setups
2025-04-21 00:05:03,651 - ERROR - Error creating chart for AUROPHARMA: string indices must be integers
2025-04-21 00:05:03,652 - INFO - Processing LUPIN for intraday setups
2025-04-21 00:05:03,709 - ERROR - Error getting market data: single positional indexer is out-of-bounds
2025-04-21 00:05:03,961 - ERROR - Error getting market data: single positional indexer is out-of-bounds
2025-04-21 00:05:04,372 - ERROR - Error creating chart for MPHASIS: string indices must be integers
2025-04-21 00:05:04,409 - INFO - Processing BANDHANBNK for intraday setups
2025-04-21 00:05:04,777 - ERROR - Error creating chart for HAVELLS: string indices must be integers
2025-04-21 00:05:04,791 - ERROR - Error creating chart for BERGEPAINT: string indices must be integers
2025-04-21 00:05:04,791 - INFO - Processing GODREJCP for intraday setups
2025-04-21 00:05:04,818 - INFO - Processing AMBUJACEM for intraday setups
2025-04-21 00:05:04,885 - ERROR - Error getting market data: single positional indexer is out-of-bounds
2025-04-21 00:05:04,889 - ERROR - Error creating chart for PIIND: string indices must be integers
2025-04-21 00:05:04,970 - ERROR - Error creating chart for TORNTPHARM: string indices must be integers
2025-04-21 00:05:05,004 - INFO - Processing CADILAHC for intraday setups
2025-04-21 00:05:05,006 - INFO - Processing BOSCHLTD for intraday setups
2025-04-21 00:05:05,007 - INFO - Processing SIEMENS for intraday setups
2025-04-21 00:05:05,185 - ERROR - Error getting market data: single positional indexer is out-of-bounds
2025-04-21 00:05:05,187 - INFO - Processing IRCTC for intraday setups
2025-04-21 00:05:05,256 - ERROR - Error getting market data: single positional indexer is out-of-bounds
2025-04-21 00:05:05,506 - ERROR - Error getting market data: single positional indexer is out-of-bounds
2025-04-21 00:05:05,562 - ERROR - Error creating chart for TATAPOWER: string indices must be integers
2025-04-21 00:05:05,563 - INFO - Processing CHAMBLFERT for intraday setups
2025-04-21 00:05:05,828 - ERROR - Error creating chart for BANDHANBNK: string indices must be integers
2025-04-21 00:05:05,828 - INFO - Processing GRANULES for intraday setups
2025-04-21 00:05:07,166 - ERROR - Error getting market data: single positional indexer is out-of-bounds
2025-04-21 00:05:07,168 - INFO - Processing CANBK for intraday setups
2025-04-21 00:05:07,214 - ERROR - Error getting market data: single positional indexer is out-of-bounds
2025-04-21 00:05:07,984 - ERROR - Error getting market data: single positional indexer is out-of-bounds
2025-04-21 00:05:08,016 - ERROR - Error getting market data: single positional indexer is out-of-bounds
2025-04-21 00:05:08,123 - ERROR - Error creating chart for DABUR: string indices must be integers
2025-04-21 00:05:08,123 - INFO - Processing NATIONALUM for intraday setups
2025-04-21 00:05:08,274 - ERROR - Error creating chart for IRCTC: string indices must be integers
2025-04-21 00:05:08,274 - INFO - Processing SAIL for intraday setups
2025-04-21 00:05:08,438 - ERROR - Error creating chart for AMBUJACEM: string indices must be integers
2025-04-21 00:05:08,439 - INFO - Processing PNB for intraday setups
2025-04-21 00:05:10,004 - ERROR - Error getting market data: single positional indexer is out-of-bounds
2025-04-21 00:05:10,012 - ERROR - $CADILAHC.NS: possibly delisted; no price data found  (period=60d) (Yahoo error = "No data found, symbol may be delisted")
2025-04-21 00:05:10,012 - INFO - Processing RVNL for intraday setups
2025-04-21 00:05:10,118 - ERROR - Error getting market data: single positional indexer is out-of-bounds
2025-04-21 00:05:10,161 - ERROR - Error getting market data: single positional indexer is out-of-bounds
2025-04-21 00:05:10,169 - INFO - Processing CEATLTD for intraday setups
2025-04-21 00:05:10,181 - ERROR - Error getting market data: single positional indexer is out-of-bounds
2025-04-21 00:05:10,283 - INFO - Processing HINDCOPPER for intraday setups
2025-04-21 00:05:10,336 - ERROR - Error getting market data: single positional indexer is out-of-bounds
2025-04-21 00:05:10,460 - ERROR - Error getting market data: single positional indexer is out-of-bounds
2025-04-21 00:05:10,488 - INFO - Processing GMRINFRA for intraday setups
2025-04-21 00:05:11,402 - ERROR - Error creating chart for BOSCHLTD: string indices must be integers
2025-04-21 00:05:11,509 - ERROR - Error creating chart for CANBK: string indices must be integers
2025-04-21 00:05:11,539 - INFO - Processing BANKBARODA for intraday setups
2025-04-21 00:05:11,573 - ERROR - Error creating chart for GODREJCP: string indices must be integers
2025-04-21 00:05:11,574 - INFO - Processing FEDERALBNK for intraday setups
2025-04-21 00:05:11,578 - INFO - Processing ASHOKLEY for intraday setups
2025-04-21 00:05:12,995 - ERROR - Error getting market data: single positional indexer is out-of-bounds
2025-04-21 00:05:12,997 - INFO - Processing ABFRL for intraday setups
2025-04-21 00:05:13,087 - ERROR - Error getting market data: single positional indexer is out-of-bounds
2025-04-21 00:05:13,120 - INFO - Processing TATACHEM for intraday setups
2025-04-21 00:05:13,139 - ERROR - Error getting market data: single positional indexer is out-of-bounds
2025-04-21 00:05:13,158 - ERROR - Error processing CEATLTD: 'numpy.float64' object has no attribute 'shift'
2025-04-21 00:05:13,159 - INFO - Processing ADANIPOWER for intraday setups
2025-04-21 00:05:13,211 - ERROR - Error getting market data: single positional indexer is out-of-bounds
2025-04-21 00:05:13,492 - ERROR - Error creating chart for SAIL: string indices must be integers
2025-04-21 00:05:13,493 - INFO - Processing MANAPPURAM for intraday setups
2025-04-21 00:05:14,794 - ERROR - Error getting market data: single positional indexer is out-of-bounds
2025-04-21 00:05:14,829 - ERROR - Error getting market data: single positional indexer is out-of-bounds
2025-04-21 00:05:14,888 - ERROR - $GMRINFRA.NS: possibly delisted; no price data found  (period=60d) (Yahoo error = "No data found, symbol may be delisted")
2025-04-21 00:05:14,932 - INFO - Processing NMDC for intraday setups
2025-04-21 00:05:15,427 - ERROR - Error getting market data: single positional indexer is out-of-bounds
2025-04-21 00:05:15,671 - ERROR - Error creating chart for PNB: string indices must be integers
2025-04-21 00:05:15,713 - INFO - Processing IDFC for intraday setups
2025-04-21 00:05:16,144 - ERROR - $IDFC.NS: possibly delisted; no price data found  (period=60d)
2025-04-21 00:05:16,163 - INFO - Processing EXIDEIND for intraday setups
2025-04-21 00:05:16,256 - ERROR - Error getting market data: single positional indexer is out-of-bounds
2025-04-21 00:05:16,360 - ERROR - Error creating chart for RVNL: string indices must be integers
2025-04-21 00:05:16,366 - INFO - Processing JINDALSAW for intraday setups
2025-04-21 00:05:16,431 - ERROR - Error getting market data: single positional indexer is out-of-bounds
2025-04-21 00:05:16,516 - ERROR - Error getting market data: single positional indexer is out-of-bounds
2025-04-21 00:05:16,544 - ERROR - Error getting market data: single positional indexer is out-of-bounds
2025-04-21 00:05:16,609 - ERROR - Error creating chart for ASHOKLEY: string indices must be integers
2025-04-21 00:05:16,622 - ERROR - Error getting market data: single positional indexer is out-of-bounds
2025-04-21 00:05:16,664 - ERROR - Error getting market data: single positional indexer is out-of-bounds
2025-04-21 00:05:17,061 - ERROR - Error getting market data: single positional indexer is out-of-bounds
2025-04-21 00:05:17,676 - ERROR - Error creating chart for BANKBARODA: string indices must be integers
2025-04-21 00:05:17,712 - ERROR - Error creating chart for TATACHEM: string indices must be integers
2025-04-21 00:05:17,766 - ERROR - Error creating chart for FEDERALBNK: string indices must be integers
2025-04-21 00:05:17,804 - ERROR - Error creating chart for ABFRL: string indices must be integers
2025-04-21 00:05:17,843 - ERROR - Error creating chart for ADANIPOWER: string indices must be integers
2025-04-21 00:05:17,893 - ERROR - Error getting market data: single positional indexer is out-of-bounds
2025-04-21 00:05:17,921 - ERROR - Error creating chart for MANAPPURAM: string indices must be integers
2025-04-21 00:05:17,995 - ERROR - Error getting market data: single positional indexer is out-of-bounds
2025-04-21 00:05:18,167 - ERROR - Error creating chart for JINDALSAW: string indices must be integers
2025-04-21 00:05:51,824 - INFO - Intraday database initialized successfully
2025-04-21 00:05:51,825 - INFO - Starting intraday screener
2025-04-21 00:05:51,825 - INFO - Processing RELIANCE for intraday setups
2025-04-21 00:05:51,827 - INFO - Processing TCS for intraday setups
2025-04-21 00:05:51,827 - INFO - Processing HDFCBANK for intraday setups
2025-04-21 00:05:51,828 - INFO - Processing INFY for intraday setups
2025-04-21 00:05:51,829 - INFO - Processing HINDUNILVR for intraday setups
2025-04-21 00:05:51,830 - INFO - Processing ICICIBANK for intraday setups
2025-04-21 00:05:51,830 - INFO - Processing SBIN for intraday setups
2025-04-21 00:05:51,832 - INFO - Processing BHARTIARTL for intraday setups
2025-04-21 00:05:51,835 - INFO - Processing KOTAKBANK for intraday setups
2025-04-21 00:05:51,838 - INFO - Processing ITC for intraday setups
2025-04-21 00:05:53,396 - ERROR - Error getting market data: single positional indexer is out-of-bounds
2025-04-21 00:05:53,398 - INFO - Processing HDFC for intraday setups
2025-04-21 00:05:53,434 - ERROR - Error getting market data: single positional indexer is out-of-bounds
2025-04-21 00:05:53,461 - ERROR - Error getting market data: single positional indexer is out-of-bounds
2025-04-21 00:05:53,464 - INFO - Processing LT for intraday setups
2025-04-21 00:05:53,494 - ERROR - Error getting market data: single positional indexer is out-of-bounds
2025-04-21 00:05:53,510 - ERROR - Error getting market data: single positional indexer is out-of-bounds
2025-04-21 00:05:53,514 - INFO - Processing AXISBANK for intraday setups
2025-04-21 00:05:53,556 - ERROR - Error getting market data: single positional indexer is out-of-bounds
2025-04-21 00:05:53,559 - INFO - Processing ASIANPAINT for intraday setups
2025-04-21 00:05:53,755 - ERROR - Error creating chart for SBIN: string indices must be integers
2025-04-21 00:05:53,755 - INFO - Processing MARUTI for intraday setups
2025-04-21 00:05:53,958 - ERROR - Error creating chart for RELIANCE: string indices must be integers
2025-04-21 00:05:53,967 - INFO - Processing BAJFINANCE for intraday setups
2025-04-21 00:05:57,192 - ERROR - Error getting market data: single positional indexer is out-of-bounds
2025-04-21 00:05:57,257 - ERROR - Error getting market data: single positional indexer is out-of-bounds
2025-04-21 00:05:57,302 - INFO - Processing WIPRO for intraday setups
2025-04-21 00:05:57,362 - ERROR - Error getting market data: single positional indexer is out-of-bounds
2025-04-21 00:05:57,370 - INFO - Processing HCLTECH for intraday setups
2025-04-21 00:05:57,616 - ERROR - Error creating chart for ITC: string indices must be integers
2025-04-21 00:05:57,619 - INFO - Processing TITAN for intraday setups
2025-04-21 00:05:57,630 - ERROR - Error getting market data: single positional indexer is out-of-bounds
2025-04-21 00:05:57,632 - INFO - Processing SUNPHARMA for intraday setups
2025-04-21 00:05:58,540 - ERROR - Error getting market data: single positional indexer is out-of-bounds
2025-04-21 00:05:58,592 - ERROR - Error getting market data: single positional indexer is out-of-bounds
2025-04-21 00:05:58,601 - ERROR - $HDFC.NS: possibly delisted; no price data found  (period=60d) (Yahoo error = "No data found, symbol may be delisted")
2025-04-21 00:05:58,611 - INFO - Processing TATASTEEL for intraday setups
2025-04-21 00:05:58,634 - INFO - Processing INDIGO for intraday setups
2025-04-21 00:05:58,659 - ERROR - Error getting market data: single positional indexer is out-of-bounds
2025-04-21 00:05:58,774 - ERROR - Error getting market data: single positional indexer is out-of-bounds
2025-04-21 00:05:58,778 - INFO - Processing BIOCON for intraday setups
2025-04-21 00:05:58,924 - ERROR - Error getting market data: single positional indexer is out-of-bounds
2025-04-21 00:05:59,476 - ERROR - Error creating chart for KOTAKBANK: string indices must be integers
2025-04-21 00:05:59,476 - INFO - Processing APOLLOHOSP for intraday setups
2025-04-21 00:06:00,024 - ERROR - Error getting market data: single positional indexer is out-of-bounds
2025-04-21 00:06:00,041 - INFO - Processing AUROPHARMA for intraday setups
2025-04-21 00:06:00,064 - ERROR - Error creating chart for MARUTI: string indices must be integers
2025-04-21 00:06:00,081 - ERROR - Error creating chart for BAJFINANCE: string indices must be integers
2025-04-21 00:06:00,093 - INFO - Processing HDFCAMC for intraday setups
2025-04-21 00:06:00,113 - INFO - Processing MPHASIS for intraday setups
2025-04-21 00:06:00,162 - ERROR - Error getting market data: single positional indexer is out-of-bounds
2025-04-21 00:06:00,257 - ERROR - Error getting market data: single positional indexer is out-of-bounds
2025-04-21 00:06:00,265 - INFO - Processing PIIND for intraday setups
2025-04-21 00:06:00,600 - ERROR - Error getting market data: single positional indexer is out-of-bounds
2025-04-21 00:06:00,672 - ERROR - Error getting market data: single positional indexer is out-of-bounds
2025-04-21 00:06:00,674 - INFO - Processing HAVELLS for intraday setups
2025-04-21 00:06:00,782 - ERROR - Error getting market data: single positional indexer is out-of-bounds
2025-04-21 00:06:00,935 - ERROR - Error getting market data: single positional indexer is out-of-bounds
2025-04-21 00:06:01,054 - INFO - Processing BERGEPAINT for intraday setups
2025-04-21 00:06:01,249 - ERROR - Error getting market data: single positional indexer is out-of-bounds
2025-04-21 00:06:01,331 - ERROR - Error creating chart for TITAN: string indices must be integers
2025-04-21 00:06:01,422 - INFO - Processing TORNTPHARM for intraday setups
2025-04-21 00:06:01,655 - ERROR - Error creating chart for SUNPHARMA: string indices must be integers
2025-04-21 00:06:01,663 - INFO - Processing PEL for intraday setups
2025-04-21 00:06:01,706 - ERROR - Error creating chart for TATASTEEL: string indices must be integers
2025-04-21 00:06:01,765 - INFO - Processing TATAPOWER for intraday setups
2025-04-21 00:06:01,806 - ERROR - Error getting market data: single positional indexer is out-of-bounds
2025-04-21 00:06:01,888 - ERROR - Error getting market data: single positional indexer is out-of-bounds
2025-04-21 00:06:01,987 - ERROR - Error getting market data: single positional indexer is out-of-bounds
2025-04-21 00:06:02,274 - ERROR - Error getting market data: single positional indexer is out-of-bounds
2025-04-21 00:06:02,554 - ERROR - Error creating chart for APOLLOHOSP: string indices must be integers
2025-04-21 00:06:02,555 - INFO - Processing DABUR for intraday setups
2025-04-21 00:06:02,845 - ERROR - Error getting market data: single positional indexer is out-of-bounds
2025-04-21 00:06:02,919 - ERROR - Error creating chart for MPHASIS: string indices must be integers
2025-04-21 00:06:02,939 - INFO - Processing MUTHOOTFIN for intraday setups
2025-04-21 00:06:03,007 - ERROR - Error getting market data: single positional indexer is out-of-bounds
2025-04-21 00:06:03,069 - ERROR - Error getting market data: single positional indexer is out-of-bounds
2025-04-21 00:06:03,350 - ERROR - Error creating chart for HDFCAMC: string indices must be integers
2025-04-21 00:06:03,364 - INFO - Processing LUPIN for intraday setups
2025-04-21 00:06:03,606 - ERROR - Error creating chart for AUROPHARMA: string indices must be integers
2025-04-21 00:06:03,607 - INFO - Processing BANDHANBNK for intraday setups
2025-04-21 00:06:03,898 - ERROR - Error creating chart for PIIND: string indices must be integers
2025-04-21 00:06:03,949 - ERROR - Error getting market data: single positional indexer is out-of-bounds
2025-04-21 00:06:03,949 - INFO - Processing GODREJCP for intraday setups
2025-04-21 00:06:03,978 - ERROR - Error creating chart for HAVELLS: string indices must be integers
2025-04-21 00:06:04,003 - ERROR - Error creating chart for TORNTPHARM: string indices must be integers
2025-04-21 00:06:04,107 - INFO - Processing AMBUJACEM for intraday setups
2025-04-21 00:06:04,234 - INFO - Processing CADILAHC for intraday setups
2025-04-21 00:06:04,381 - ERROR - Error creating chart for BERGEPAINT: string indices must be integers
2025-04-21 00:06:04,382 - INFO - Processing BOSCHLTD for intraday setups
2025-04-21 00:06:04,537 - ERROR - Error getting market data: single positional indexer is out-of-bounds
2025-04-21 00:06:04,553 - INFO - Processing SIEMENS for intraday setups
2025-04-21 00:06:04,632 - ERROR - Error getting market data: single positional indexer is out-of-bounds
2025-04-21 00:06:04,748 - ERROR - Error creating chart for TATAPOWER: string indices must be integers
2025-04-21 00:06:04,760 - INFO - Processing IRCTC for intraday setups
2025-04-21 00:06:04,963 - ERROR - Error creating chart for DABUR: string indices must be integers
2025-04-21 00:06:04,964 - INFO - Processing CHAMBLFERT for intraday setups
2025-04-21 00:06:06,121 - ERROR - Error getting market data: single positional indexer is out-of-bounds
2025-04-21 00:06:06,123 - INFO - Processing GRANULES for intraday setups
2025-04-21 00:06:06,249 - ERROR - Error getting market data: single positional indexer is out-of-bounds
2025-04-21 00:06:06,275 - ERROR - Error getting market data: single positional indexer is out-of-bounds
2025-04-21 00:06:06,283 - INFO - Processing CANBK for intraday setups
2025-04-21 00:06:06,839 - ERROR - Error getting market data: single positional indexer is out-of-bounds
2025-04-21 00:06:06,998 - ERROR - Error getting market data: single positional indexer is out-of-bounds
2025-04-21 00:06:07,023 - ERROR - Error getting market data: single positional indexer is out-of-bounds
2025-04-21 00:06:07,033 - ERROR - Error creating chart for BANDHANBNK: string indices must be integers
2025-04-21 00:06:07,083 - INFO - Processing NATIONALUM for intraday setups
2025-04-21 00:06:07,549 - ERROR - Error creating chart for GODREJCP: string indices must be integers
2025-04-21 00:06:07,518 - ERROR - Error creating chart for BOSCHLTD: string indices must be integers
2025-04-21 00:06:07,664 - INFO - Processing SAIL for intraday setups
2025-04-21 00:06:07,701 - ERROR - Error creating chart for AMBUJACEM: string indices must be integers
2025-04-21 00:06:07,702 - INFO - Processing PNB for intraday setups
2025-04-21 00:06:07,703 - INFO - Processing RVNL for intraday setups
2025-04-21 00:06:08,473 - ERROR - $CADILAHC.NS: possibly delisted; no price data found  (period=60d) (Yahoo error = "No data found, symbol may be delisted")
2025-04-21 00:06:08,474 - INFO - Processing CEATLTD for intraday setups
2025-04-21 00:06:08,626 - ERROR - Error getting market data: single positional indexer is out-of-bounds
2025-04-21 00:06:08,632 - INFO - Processing HINDCOPPER for intraday setups
2025-04-21 00:06:08,697 - ERROR - Error getting market data: single positional indexer is out-of-bounds
2025-04-21 00:06:08,742 - ERROR - Error getting market data: single positional indexer is out-of-bounds
2025-04-21 00:06:08,743 - INFO - Processing GMRINFRA for intraday setups
2025-04-21 00:06:08,837 - ERROR - Error getting market data: single positional indexer is out-of-bounds
2025-04-21 00:06:08,839 - INFO - Processing BANKBARODA for intraday setups
2025-04-21 00:06:09,275 - ERROR - Error getting market data: single positional indexer is out-of-bounds
2025-04-21 00:06:09,759 - ERROR - Error creating chart for IRCTC: string indices must be integers
2025-04-21 00:06:09,760 - INFO - Processing FEDERALBNK for intraday setups
2025-04-21 00:06:09,803 - ERROR - Error creating chart for CANBK: string indices must be integers
2025-04-21 00:06:09,803 - INFO - Processing ASHOKLEY for intraday setups
2025-04-21 00:06:11,766 - ERROR - Error getting market data: single positional indexer is out-of-bounds
2025-04-21 00:06:11,782 - ERROR - Error getting market data: single positional indexer is out-of-bounds
2025-04-21 00:06:11,797 - INFO - Processing ABFRL for intraday setups
2025-04-21 00:06:11,834 - ERROR - Error getting market data: single positional indexer is out-of-bounds
2025-04-21 00:06:11,906 - ERROR - Error getting market data: single positional indexer is out-of-bounds
2025-04-21 00:06:12,097 - ERROR - Error creating chart for SAIL: string indices must be integers
2025-04-21 00:06:12,117 - INFO - Processing TATACHEM for intraday setups
2025-04-21 00:06:12,415 - ERROR - Error creating chart for RVNL: string indices must be integers
2025-04-21 00:06:12,421 - INFO - Processing ADANIPOWER for intraday setups
2025-04-21 00:06:12,454 - ERROR - Error creating chart for PNB: string indices must be integers
2025-04-21 00:06:12,456 - INFO - Processing MANAPPURAM for intraday setups
2025-04-21 00:06:13,592 - ERROR - Error getting market data: single positional indexer is out-of-bounds
2025-04-21 00:06:13,594 - INFO - Processing NMDC for intraday setups
2025-04-21 00:06:13,669 - ERROR - Error getting market data: single positional indexer is out-of-bounds
2025-04-21 00:06:13,675 - ERROR - $GMRINFRA.NS: possibly delisted; no price data found  (period=60d) (Yahoo error = "No data found, symbol may be delisted")
2025-04-21 00:06:13,680 - ERROR - Error processing CEATLTD: 'numpy.float64' object has no attribute 'shift'
2025-04-21 00:06:13,698 - INFO - Processing IDFC for intraday setups
2025-04-21 00:06:13,710 - INFO - Processing EXIDEIND for intraday setups
2025-04-21 00:06:13,995 - ERROR - $IDFC.NS: possibly delisted; no price data found  (period=60d)
2025-04-21 00:06:13,996 - INFO - Processing JINDALSAW for intraday setups
2025-04-21 00:06:14,036 - ERROR - Error getting market data: single positional indexer is out-of-bounds
2025-04-21 00:06:14,045 - ERROR - Error getting market data: single positional indexer is out-of-bounds
2025-04-21 00:06:14,068 - ERROR - Error getting market data: single positional indexer is out-of-bounds
2025-04-21 00:06:15,459 - ERROR - Error creating chart for BANKBARODA: string indices must be integers
2025-04-21 00:06:15,560 - ERROR - Error getting market data: single positional indexer is out-of-bounds
2025-04-21 00:06:15,577 - ERROR - Error creating chart for ASHOKLEY: string indices must be integers
2025-04-21 00:06:15,636 - ERROR - Error getting market data: single positional indexer is out-of-bounds
2025-04-21 00:06:15,691 - ERROR - Error creating chart for FEDERALBNK: string indices must be integers
2025-04-21 00:06:15,747 - ERROR - Error getting market data: single positional indexer is out-of-bounds
2025-04-21 00:06:15,755 - ERROR - Error getting market data: single positional indexer is out-of-bounds
2025-04-21 00:06:15,784 - ERROR - Error getting market data: single positional indexer is out-of-bounds
2025-04-21 00:06:15,947 - ERROR - Error getting market data: single positional indexer is out-of-bounds
2025-04-21 00:06:16,283 - ERROR - Error getting market data: single positional indexer is out-of-bounds
2025-04-21 00:06:16,333 - ERROR - Error creating chart for ABFRL: string indices must be integers
2025-04-21 00:06:16,368 - ERROR - Error creating chart for TATACHEM: string indices must be integers
2025-04-21 00:06:16,403 - ERROR - Error creating chart for MANAPPURAM: string indices must be integers
2025-04-21 00:06:16,425 - ERROR - Error creating chart for ADANIPOWER: string indices must be integers
2025-04-21 00:06:16,584 - ERROR - Error creating chart for JINDALSAW: string indices must be integers
2025-04-21 00:06:19,559 - INFO - Saved 42 intraday setups to database
2025-04-21 00:06:19,942 - ERROR - Error getting market data: single positional indexer is out-of-bounds
2025-04-21 00:06:19,944 - INFO - Generated report saved to /home/zero/trading/intraday_output/intraday_setups_20250422.html
2025-04-21 00:06:38,270 - ERROR - $RELIANCE.NS: possibly delisted; no price data found  (5m 2025-04-18 -> 2025-04-19)
2025-04-21 00:06:38,400 - ERROR - $SBIN.NS: possibly delisted; no price data found  (5m 2025-04-18 -> 2025-04-19)
2025-04-21 00:06:38,403 - ERROR - $SBIN.NS: possibly delisted; no price data found  (5m 2025-04-18 -> 2025-04-19)
2025-04-21 00:06:38,565 - ERROR - $KOTAKBANK.NS: possibly delisted; no price data found  (5m 2025-04-18 -> 2025-04-19)
2025-04-21 00:06:38,769 - ERROR - $ITC.NS: possibly delisted; no price data found  (5m 2025-04-18 -> 2025-04-19)
2025-04-21 00:06:38,975 - ERROR - $MARUTI.NS: possibly delisted; no price data found  (5m 2025-04-18 -> 2025-04-19)
2025-04-21 00:06:39,179 - ERROR - $BAJFINANCE.NS: possibly delisted; no price data found  (5m 2025-04-18 -> 2025-04-19)
2025-04-21 00:06:39,384 - ERROR - $TITAN.NS: possibly delisted; no price data found  (5m 2025-04-18 -> 2025-04-19)
2025-04-21 00:06:39,515 - ERROR - $SUNPHARMA.NS: possibly delisted; no price data found  (5m 2025-04-18 -> 2025-04-19)
2025-04-21 00:06:39,692 - ERROR - $TATASTEEL.NS: possibly delisted; no price data found  (5m 2025-04-18 -> 2025-04-19)
2025-04-21 00:06:39,818 - ERROR - $APOLLOHOSP.NS: possibly delisted; no price data found  (5m 2025-04-18 -> 2025-04-19)
2025-04-21 00:06:39,998 - ERROR - $AUROPHARMA.NS: possibly delisted; no price data found  (5m 2025-04-18 -> 2025-04-19)
2025-04-21 00:06:40,126 - ERROR - $HDFCAMC.NS: possibly delisted; no price data found  (5m 2025-04-18 -> 2025-04-19)
2025-04-21 00:06:40,306 - ERROR - $MPHASIS.NS: possibly delisted; no price data found  (5m 2025-04-18 -> 2025-04-19)
2025-04-21 00:06:40,511 - ERROR - $PIIND.NS: possibly delisted; no price data found  (5m 2025-04-18 -> 2025-04-19)
2025-04-21 00:06:40,513 - ERROR - $PIIND.NS: possibly delisted; no price data found  (5m 2025-04-18 -> 2025-04-19)
2025-04-21 00:06:40,650 - ERROR - $HAVELLS.NS: possibly delisted; no price data found  (5m 2025-04-18 -> 2025-04-19)
2025-04-21 00:06:40,818 - ERROR - $BERGEPAINT.NS: possibly delisted; no price data found  (5m 2025-04-18 -> 2025-04-19)
2025-04-21 00:06:40,820 - ERROR - $BERGEPAINT.NS: possibly delisted; no price data found  (5m 2025-04-18 -> 2025-04-19)
2025-04-21 00:06:41,024 - ERROR - $TORNTPHARM.NS: possibly delisted; no price data found  (5m 2025-04-18 -> 2025-04-19)
2025-04-21 00:06:41,153 - ERROR - $TATAPOWER.NS: possibly delisted; no price data found  (5m 2025-04-18 -> 2025-04-19)
2025-04-21 00:06:41,330 - ERROR - $DABUR.NS: possibly delisted; no price data found  (5m 2025-04-18 -> 2025-04-19)
2025-04-21 00:06:41,458 - ERROR - $BANDHANBNK.NS: possibly delisted; no price data found  (5m 2025-04-18 -> 2025-04-19)
2025-04-21 00:06:41,461 - ERROR - $BANDHANBNK.NS: possibly delisted; no price data found  (5m 2025-04-18 -> 2025-04-19)
2025-04-21 00:06:41,638 - ERROR - $GODREJCP.NS: possibly delisted; no price data found  (5m 2025-04-18 -> 2025-04-19)
2025-04-21 00:06:41,840 - ERROR - $AMBUJACEM.NS: possibly delisted; no price data found  (5m 2025-04-18 -> 2025-04-19)
2025-04-21 00:06:41,970 - ERROR - $BOSCHLTD.NS: possibly delisted; no price data found  (5m 2025-04-18 -> 2025-04-19)
2025-04-21 00:06:42,150 - ERROR - $IRCTC.NS: possibly delisted; no price data found  (5m 2025-04-18 -> 2025-04-19)
2025-04-21 00:06:42,280 - ERROR - $CANBK.NS: possibly delisted; no price data found  (5m 2025-04-18 -> 2025-04-19)
2025-04-21 00:06:42,451 - ERROR - $SAIL.NS: possibly delisted; no price data found  (5m 2025-04-18 -> 2025-04-19)
2025-04-21 00:06:42,583 - ERROR - $PNB.NS: possibly delisted; no price data found  (5m 2025-04-18 -> 2025-04-19)
2025-04-21 00:06:42,764 - ERROR - $RVNL.NS: possibly delisted; no price data found  (5m 2025-04-18 -> 2025-04-19)
2025-04-21 00:06:42,892 - ERROR - $BANKBARODA.NS: possibly delisted; no price data found  (5m 2025-04-18 -> 2025-04-19)
2025-04-21 00:06:42,894 - ERROR - $BANKBARODA.NS: possibly delisted; no price data found  (5m 2025-04-18 -> 2025-04-19)
2025-04-21 00:06:43,071 - ERROR - $FEDERALBNK.NS: possibly delisted; no price data found  (5m 2025-04-18 -> 2025-04-19)
2025-04-21 00:06:43,276 - ERROR - $ASHOKLEY.NS: possibly delisted; no price data found  (5m 2025-04-18 -> 2025-04-19)
2025-04-21 00:06:43,405 - ERROR - $ABFRL.NS: possibly delisted; no price data found  (5m 2025-04-18 -> 2025-04-19)
2025-04-21 00:06:43,582 - ERROR - $TATACHEM.NS: possibly delisted; no price data found  (5m 2025-04-18 -> 2025-04-19)
2025-04-21 00:06:43,788 - ERROR - $ADANIPOWER.NS: possibly delisted; no price data found  (5m 2025-04-18 -> 2025-04-19)
2025-04-21 00:06:43,790 - ERROR - $ADANIPOWER.NS: possibly delisted; no price data found  (5m 2025-04-18 -> 2025-04-19)
2025-04-21 00:06:43,921 - ERROR - $MANAPPURAM.NS: possibly delisted; no price data found  (5m 2025-04-18 -> 2025-04-19)
2025-04-21 00:06:44,094 - ERROR - $JINDALSAW.NS: possibly delisted; no price data found  (5m 2025-04-18 -> 2025-04-19)
2025-04-21 00:10:30,570 - INFO - Intraday database initialized successfully
2025-04-21 00:10:30,571 - INFO - Starting intraday screener
2025-04-21 00:10:30,571 - INFO - Processing RELIANCE for intraday setups
2025-04-21 00:10:30,573 - INFO - Processing TCS for intraday setups
2025-04-21 00:10:30,573 - INFO - Processing HDFCBANK for intraday setups
2025-04-21 00:10:30,574 - INFO - Processing INFY for intraday setups
2025-04-21 00:10:30,575 - INFO - Processing HINDUNILVR for intraday setups
2025-04-21 00:10:30,575 - INFO - Processing ICICIBANK for intraday setups
2025-04-21 00:10:30,577 - INFO - Processing SBIN for intraday setups
2025-04-21 00:10:30,578 - INFO - Processing BHARTIARTL for intraday setups
2025-04-21 00:10:30,579 - INFO - Processing KOTAKBANK for intraday setups
2025-04-21 00:10:30,580 - INFO - Processing ITC for intraday setups
2025-04-21 00:10:32,291 - ERROR - Error getting market data: single positional indexer is out-of-bounds
2025-04-21 00:10:32,293 - INFO - Processing HDFC for intraday setups
2025-04-21 00:10:32,311 - ERROR - Error getting market data: single positional indexer is out-of-bounds
2025-04-21 00:10:32,313 - INFO - Processing LT for intraday setups
2025-04-21 00:10:32,329 - ERROR - Error getting market data: single positional indexer is out-of-bounds
2025-04-21 00:10:32,362 - ERROR - Error getting market data: single positional indexer is out-of-bounds
2025-04-21 00:10:32,364 - INFO - Processing AXISBANK for intraday setups
2025-04-21 00:10:32,552 - ERROR - Error creating chart for RELIANCE: string indices must be integers
2025-04-21 00:10:32,553 - INFO - Processing ASIANPAINT for intraday setups
2025-04-21 00:10:35,916 - ERROR - Error getting market data: single positional indexer is out-of-bounds
2025-04-21 00:10:36,270 - ERROR - Error getting market data: single positional indexer is out-of-bounds
2025-04-21 00:10:36,273 - INFO - Processing MARUTI for intraday setups
2025-04-21 00:10:36,416 - ERROR - Error creating chart for SBIN: string indices must be integers
2025-04-21 00:10:36,417 - INFO - Processing BAJFINANCE for intraday setups
2025-04-21 00:10:37,395 - ERROR - $HDFC.NS: possibly delisted; no price data found  (period=60d) (Yahoo error = "No data found, symbol may be delisted")
2025-04-21 00:10:37,395 - INFO - Processing WIPRO for intraday setups
2025-04-21 00:10:37,537 - ERROR - Error getting market data: single positional indexer is out-of-bounds
2025-04-21 00:10:37,542 - INFO - Processing HCLTECH for intraday setups
2025-04-21 00:10:37,586 - ERROR - Error getting market data: single positional indexer is out-of-bounds
2025-04-21 00:10:37,588 - INFO - Processing TITAN for intraday setups
2025-04-21 00:10:37,592 - ERROR - Error getting market data: single positional indexer is out-of-bounds
2025-04-21 00:10:37,609 - ERROR - Error getting market data: single positional indexer is out-of-bounds
2025-04-21 00:10:37,670 - ERROR - Error getting market data: single positional indexer is out-of-bounds
2025-04-21 00:10:37,749 - ERROR - Error getting market data: single positional indexer is out-of-bounds
2025-04-21 00:10:37,750 - ERROR - Error getting market data: single positional indexer is out-of-bounds
2025-04-21 00:10:37,790 - INFO - Processing SUNPHARMA for intraday setups
2025-04-21 00:10:37,881 - INFO - Processing TATASTEEL for intraday setups
2025-04-21 00:10:37,948 - INFO - Processing INDIGO for intraday setups
2025-04-21 00:10:38,418 - ERROR - Error creating chart for KOTAKBANK: string indices must be integers
2025-04-21 00:10:38,419 - INFO - Processing BIOCON for intraday setups
2025-04-21 00:10:38,428 - ERROR - Error getting market data: single positional indexer is out-of-bounds
2025-04-21 00:10:38,762 - ERROR - Error getting market data: single positional indexer is out-of-bounds
2025-04-21 00:10:39,029 - ERROR - Error creating chart for ITC: string indices must be integers
2025-04-21 00:10:39,030 - INFO - Processing APOLLOHOSP for intraday setups
2025-04-21 00:10:39,161 - ERROR - Error getting market data: single positional indexer is out-of-bounds
2025-04-21 00:10:39,184 - ERROR - Error getting market data: single positional indexer is out-of-bounds
2025-04-21 00:10:39,186 - INFO - Processing AUROPHARMA for intraday setups
2025-04-21 00:10:39,206 - INFO - Processing HDFCAMC for intraday setups
2025-04-21 00:10:39,435 - ERROR - Error getting market data: single positional indexer is out-of-bounds
2025-04-21 00:10:39,595 - ERROR - Error getting market data: single positional indexer is out-of-bounds
2025-04-21 00:10:39,874 - ERROR - Error creating chart for MARUTI: string indices must be integers
2025-04-21 00:10:39,910 - INFO - Processing MPHASIS for intraday setups
2025-04-21 00:10:39,975 - ERROR - Error getting market data: single positional indexer is out-of-bounds
2025-04-21 00:10:40,013 - INFO - Processing PIIND for intraday setups
2025-04-21 00:10:40,027 - ERROR - Error creating chart for BAJFINANCE: string indices must be integers
2025-04-21 00:10:40,033 - ERROR - Error getting market data: single positional indexer is out-of-bounds
2025-04-21 00:10:40,042 - INFO - Processing HAVELLS for intraday setups
2025-04-21 00:10:40,652 - ERROR - Error getting market data: single positional indexer is out-of-bounds
2025-04-21 00:10:40,689 - ERROR - Error creating chart for TITAN: string indices must be integers
2025-04-21 00:10:40,691 - INFO - Processing BERGEPAINT for intraday setups
2025-04-21 00:10:40,773 - ERROR - Error creating chart for TATASTEEL: string indices must be integers
2025-04-21 00:10:40,789 - INFO - Processing TORNTPHARM for intraday setups
2025-04-21 00:10:40,851 - ERROR - Error creating chart for SUNPHARMA: string indices must be integers
2025-04-21 00:10:40,898 - INFO - Processing PEL for intraday setups
2025-04-21 00:10:40,951 - INFO - Processing TATAPOWER for intraday setups
2025-04-21 00:10:40,988 - ERROR - Error getting market data: single positional indexer is out-of-bounds
2025-04-21 00:10:41,002 - ERROR - Error getting market data: single positional indexer is out-of-bounds
2025-04-21 00:10:41,290 - ERROR - Error getting market data: single positional indexer is out-of-bounds
2025-04-21 00:10:41,301 - ERROR - Error getting market data: single positional indexer is out-of-bounds
2025-04-21 00:10:41,546 - ERROR - Error getting market data: single positional indexer is out-of-bounds
2025-04-21 00:10:41,953 - ERROR - Error creating chart for AUROPHARMA: string indices must be integers
2025-04-21 00:10:42,077 - INFO - Processing DABUR for intraday setups
2025-04-21 00:10:42,221 - ERROR - Error creating chart for HDFCAMC: string indices must be integers
2025-04-21 00:10:42,306 - ERROR - Error getting market data: single positional indexer is out-of-bounds
2025-04-21 00:10:42,316 - INFO - Processing MUTHOOTFIN for intraday setups
2025-04-21 00:10:42,746 - ERROR - Error creating chart for PIIND: string indices must be integers
2025-04-21 00:10:42,746 - INFO - Processing LUPIN for intraday setups
2025-04-21 00:10:42,763 - ERROR - Error creating chart for MPHASIS: string indices must be integers
2025-04-21 00:10:42,764 - INFO - Processing BANDHANBNK for intraday setups
2025-04-21 00:10:42,838 - ERROR - Error creating chart for APOLLOHOSP: string indices must be integers
2025-04-21 00:10:42,839 - INFO - Processing GODREJCP for intraday setups
2025-04-21 00:10:42,879 - ERROR - Error getting market data: single positional indexer is out-of-bounds
2025-04-21 00:10:43,092 - ERROR - Error getting market data: single positional indexer is out-of-bounds
2025-04-21 00:10:43,133 - ERROR - Error getting market data: single positional indexer is out-of-bounds
2025-04-21 00:10:43,135 - INFO - Processing AMBUJACEM for intraday setups
2025-04-21 00:10:43,198 - ERROR - Error getting market data: single positional indexer is out-of-bounds
2025-04-21 00:10:43,619 - ERROR - Error creating chart for HAVELLS: string indices must be integers
2025-04-21 00:10:43,664 - INFO - Processing CADILAHC for intraday setups
2025-04-21 00:10:43,944 - ERROR - Error getting market data: single positional indexer is out-of-bounds
2025-04-21 00:10:43,960 - ERROR - Error getting market data: single positional indexer is out-of-bounds
2025-04-21 00:10:43,992 - ERROR - Error creating chart for BERGEPAINT: string indices must be integers
2025-04-21 00:10:44,026 - INFO - Processing BOSCHLTD for intraday setups
2025-04-21 00:10:44,099 - ERROR - Error creating chart for TORNTPHARM: string indices must be integers
2025-04-21 00:10:44,141 - ERROR - Error creating chart for TATAPOWER: string indices must be integers
2025-04-21 00:10:44,142 - INFO - Processing SIEMENS for intraday setups
2025-04-21 00:10:44,311 - INFO - Processing IRCTC for intraday setups
2025-04-21 00:10:44,346 - ERROR - Error creating chart for DABUR: string indices must be integers
2025-04-21 00:10:44,347 - INFO - Processing CHAMBLFERT for intraday setups
2025-04-21 00:10:44,352 - INFO - Processing GRANULES for intraday setups
2025-04-21 00:10:45,860 - ERROR - Error getting market data: single positional indexer is out-of-bounds
2025-04-21 00:10:45,862 - INFO - Processing CANBK for intraday setups
2025-04-21 00:10:46,007 - ERROR - Error getting market data: single positional indexer is out-of-bounds
2025-04-21 00:10:46,234 - ERROR - Error getting market data: single positional indexer is out-of-bounds
2025-04-21 00:10:46,285 - ERROR - Error getting market data: single positional indexer is out-of-bounds
2025-04-21 00:10:46,905 - ERROR - Error creating chart for GODREJCP: string indices must be integers
2025-04-21 00:10:46,905 - INFO - Processing NATIONALUM for intraday setups
2025-04-21 00:10:47,110 - ERROR - Error creating chart for AMBUJACEM: string indices must be integers
2025-04-21 00:10:47,151 - ERROR - Error creating chart for BANDHANBNK: string indices must be integers
2025-04-21 00:10:47,152 - INFO - Processing SAIL for intraday setups
2025-04-21 00:10:47,153 - INFO - Processing PNB for intraday setups
2025-04-21 00:10:48,564 - ERROR - $CADILAHC.NS: possibly delisted; no price data found  (period=60d) (Yahoo error = "No data found, symbol may be delisted")
2025-04-21 00:10:48,565 - INFO - Processing RVNL for intraday setups
2025-04-21 00:10:48,753 - ERROR - Error getting market data: single positional indexer is out-of-bounds
2025-04-21 00:10:48,803 - ERROR - Error getting market data: single positional indexer is out-of-bounds
2025-04-21 00:10:48,816 - ERROR - Error getting market data: single positional indexer is out-of-bounds
2025-04-21 00:10:48,840 - INFO - Processing CEATLTD for intraday setups
2025-04-21 00:10:48,894 - ERROR - Error getting market data: single positional indexer is out-of-bounds
2025-04-21 00:10:48,940 - INFO - Processing HINDCOPPER for intraday setups
2025-04-21 00:10:49,084 - ERROR - Error getting market data: single positional indexer is out-of-bounds
2025-04-21 00:10:49,157 - INFO - Processing GMRINFRA for intraday setups
2025-04-21 00:10:49,291 - ERROR - Error getting market data: single positional indexer is out-of-bounds
2025-04-21 00:10:49,708 - ERROR - Error creating chart for IRCTC: string indices must be integers
2025-04-21 00:10:49,709 - INFO - Processing BANKBARODA for intraday setups
2025-04-21 00:10:49,821 - ERROR - Error creating chart for BOSCHLTD: string indices must be integers
2025-04-21 00:10:49,934 - INFO - Processing FEDERALBNK for intraday setups
2025-04-21 00:10:49,969 - ERROR - Error creating chart for CANBK: string indices must be integers
2025-04-21 00:10:49,969 - INFO - Processing ASHOKLEY for intraday setups
2025-04-21 00:10:50,869 - ERROR - Error getting market data: single positional indexer is out-of-bounds
2025-04-21 00:10:50,906 - INFO - Processing ABFRL for intraday setups
2025-04-21 00:10:51,002 - ERROR - Error getting market data: single positional indexer is out-of-bounds
2025-04-21 00:10:51,256 - ERROR - Error creating chart for SAIL: string indices must be integers
2025-04-21 00:10:51,257 - INFO - Processing TATACHEM for intraday setups
2025-04-21 00:10:52,685 - ERROR - Error getting market data: single positional indexer is out-of-bounds
2025-04-21 00:10:52,712 - ERROR - $GMRINFRA.NS: possibly delisted; no price data found  (period=60d) (Yahoo error = "No data found, symbol may be delisted")
2025-04-21 00:10:52,722 - ERROR - Error getting market data: single positional indexer is out-of-bounds
2025-04-21 00:10:52,929 - INFO - Processing ADANIPOWER for intraday setups
2025-04-21 00:10:53,163 - ERROR - Error getting market data: single positional indexer is out-of-bounds
2025-04-21 00:10:53,193 - ERROR - Error processing CEATLTD: 'numpy.float64' object has no attribute 'shift'
2025-04-21 00:10:53,238 - ERROR - Error getting market data: single positional indexer is out-of-bounds
2025-04-21 00:10:53,252 - INFO - Processing MANAPPURAM for intraday setups
2025-04-21 00:10:53,372 - INFO - Processing NMDC for intraday setups
2025-04-21 00:10:53,886 - ERROR - Error getting market data: single positional indexer is out-of-bounds
2025-04-21 00:10:53,892 - ERROR - Error creating chart for RVNL: string indices must be integers
2025-04-21 00:10:53,936 - ERROR - Error getting market data: single positional indexer is out-of-bounds
2025-04-21 00:10:53,974 - INFO - Processing IDFC for intraday setups
2025-04-21 00:10:54,019 - ERROR - Error getting market data: single positional indexer is out-of-bounds
2025-04-21 00:10:54,585 - ERROR - Error getting market data: single positional indexer is out-of-bounds
2025-04-21 00:10:54,728 - ERROR - $IDFC.NS: possibly delisted; no price data found  (period=60d)
2025-04-21 00:10:54,762 - INFO - Processing EXIDEIND for intraday setups
2025-04-21 00:10:54,772 - ERROR - Error getting market data: single positional indexer is out-of-bounds
2025-04-21 00:10:54,816 - ERROR - Error creating chart for PNB: string indices must be integers
2025-04-21 00:10:54,817 - INFO - Processing JINDALSAW for intraday setups
2025-04-21 00:10:55,040 - ERROR - Error getting market data: single positional indexer is out-of-bounds
2025-04-21 00:10:55,575 - ERROR - Error creating chart for FEDERALBNK: string indices must be integers
2025-04-21 00:10:55,617 - ERROR - Error getting market data: single positional indexer is out-of-bounds
2025-04-21 00:10:55,659 - ERROR - Error creating chart for BANKBARODA: string indices must be integers
2025-04-21 00:10:55,854 - ERROR - Error creating chart for ADANIPOWER: string indices must be integers
2025-04-21 00:10:55,892 - ERROR - Error getting market data: single positional indexer is out-of-bounds
2025-04-21 00:10:56,056 - ERROR - Error creating chart for ASHOKLEY: string indices must be integers
2025-04-21 00:10:56,174 - ERROR - Error creating chart for ABFRL: string indices must be integers
2025-04-21 00:10:56,315 - ERROR - Error creating chart for TATACHEM: string indices must be integers
2025-04-21 00:10:56,340 - ERROR - Error creating chart for MANAPPURAM: string indices must be integers
2025-04-21 00:10:56,427 - ERROR - Error getting market data: single positional indexer is out-of-bounds
2025-04-21 00:10:56,505 - ERROR - Error getting market data: single positional indexer is out-of-bounds
2025-04-21 00:10:56,669 - ERROR - Error creating chart for JINDALSAW: string indices must be integers
2025-04-21 00:10:59,956 - INFO - Saved 42 intraday setups to database
2025-04-21 00:11:00,337 - ERROR - Error getting market data: single positional indexer is out-of-bounds
2025-04-21 00:11:00,341 - INFO - Generated report saved to /home/zero/trading/intraday_output/intraday_setups_20250422.html
2025-04-21 00:36:08,939 - INFO - Intraday database initialized successfully
2025-04-21 00:36:08,939 - INFO - Starting intraday screener
2025-04-21 00:36:08,940 - INFO - Processing RELIANCE for intraday setups
2025-04-21 00:36:08,941 - INFO - Processing TCS for intraday setups
2025-04-21 00:36:08,942 - INFO - Processing HDFCBANK for intraday setups
2025-04-21 00:36:08,943 - INFO - Processing INFY for intraday setups
2025-04-21 00:36:08,944 - INFO - Processing HINDUNILVR for intraday setups
2025-04-21 00:36:08,946 - INFO - Processing ICICIBANK for intraday setups
2025-04-21 00:36:08,947 - INFO - Processing SBIN for intraday setups
2025-04-21 00:36:08,948 - INFO - Processing BHARTIARTL for intraday setups
2025-04-21 00:36:08,950 - INFO - Processing KOTAKBANK for intraday setups
2025-04-21 00:36:08,952 - INFO - Processing ITC for intraday setups
2025-04-21 00:36:10,749 - ERROR - Error getting market data: single positional indexer is out-of-bounds
2025-04-21 00:36:10,761 - ERROR - Error getting market data: single positional indexer is out-of-bounds
2025-04-21 00:36:10,817 - ERROR - Error getting market data: single positional indexer is out-of-bounds
2025-04-21 00:36:10,868 - ERROR - Error getting market data: single positional indexer is out-of-bounds
2025-04-21 00:36:10,914 - ERROR - Error getting market data: single positional indexer is out-of-bounds
2025-04-21 00:36:10,934 - ERROR - Error getting market data: single positional indexer is out-of-bounds
2025-04-21 00:36:10,936 - INFO - Processing HDFC for intraday setups
2025-04-21 00:36:10,946 - INFO - Processing LT for intraday setups
2025-04-21 00:36:10,964 - INFO - Processing AXISBANK for intraday setups
2025-04-21 00:36:11,118 - ERROR - Error getting market data: single positional indexer is out-of-bounds
2025-04-21 00:36:11,219 - INFO - Processing ASIANPAINT for intraday setups
2025-04-21 00:36:11,794 - ERROR - Error creating chart for ITC: string indices must be integers
2025-04-21 00:36:11,796 - INFO - Processing MARUTI for intraday setups
2025-04-21 00:36:11,834 - ERROR - Error creating chart for KOTAKBANK: string indices must be integers
2025-04-21 00:36:11,834 - INFO - Processing BAJFINANCE for intraday setups
2025-04-21 00:36:11,872 - ERROR - Error creating chart for SBIN: string indices must be integers
2025-04-21 00:36:11,873 - INFO - Processing WIPRO for intraday setups
2025-04-21 00:36:14,266 - ERROR - Error getting market data: single positional indexer is out-of-bounds
2025-04-21 00:36:14,526 - ERROR - Error getting market data: single positional indexer is out-of-bounds
2025-04-21 00:36:14,528 - INFO - Processing HCLTECH for intraday setups
2025-04-21 00:36:14,556 - ERROR - Error getting market data: single positional indexer is out-of-bounds
2025-04-21 00:36:14,588 - INFO - Processing TITAN for intraday setups
2025-04-21 00:36:14,915 - ERROR - Error getting market data: single positional indexer is out-of-bounds
2025-04-21 00:36:14,931 - INFO - Processing SUNPHARMA for intraday setups
2025-04-21 00:36:15,034 - ERROR - Error creating chart for RELIANCE: string indices must be integers
2025-04-21 00:36:15,034 - INFO - Processing TATASTEEL for intraday setups
2025-04-21 00:36:15,158 - ERROR - Error getting market data: single positional indexer is out-of-bounds
2025-04-21 00:36:15,162 - INFO - Processing INDIGO for intraday setups
2025-04-21 00:36:17,134 - ERROR - Error getting market data: single positional indexer is out-of-bounds
2025-04-21 00:36:17,144 - INFO - Processing BIOCON for intraday setups
2025-04-21 00:36:17,173 - ERROR - Error getting market data: single positional indexer is out-of-bounds
2025-04-21 00:36:17,189 - ERROR - $HDFC.NS: possibly delisted; no price data found  (period=60d) (Yahoo error = "No data found, symbol may be delisted")
2025-04-21 00:36:17,190 - INFO - Processing APOLLOHOSP for intraday setups
2025-04-21 00:36:17,326 - ERROR - Error getting market data: single positional indexer is out-of-bounds
2025-04-21 00:36:17,372 - ERROR - Error getting market data: single positional indexer is out-of-bounds
2025-04-21 00:36:17,374 - INFO - Processing AUROPHARMA for intraday setups
2025-04-21 00:36:17,530 - ERROR - Error getting market data: single positional indexer is out-of-bounds
2025-04-21 00:36:17,532 - INFO - Processing HDFCAMC for intraday setups
2025-04-21 00:36:18,028 - ERROR - Error creating chart for BAJFINANCE: string indices must be integers
2025-04-21 00:36:18,028 - INFO - Processing MPHASIS for intraday setups
2025-04-21 00:36:18,183 - ERROR - Error getting market data: single positional indexer is out-of-bounds
2025-04-21 00:36:18,642 - ERROR - Error creating chart for MARUTI: string indices must be integers
2025-04-21 00:36:18,643 - INFO - Processing PIIND for intraday setups
2025-04-21 00:36:18,670 - ERROR - Error getting market data: single positional indexer is out-of-bounds
2025-04-21 00:36:18,936 - ERROR - Error getting market data: single positional indexer is out-of-bounds
2025-04-21 00:36:18,938 - INFO - Processing HAVELLS for intraday setups
2025-04-21 00:36:18,964 - ERROR - Error getting market data: single positional indexer is out-of-bounds
2025-04-21 00:36:19,123 - ERROR - Error getting market data: single positional indexer is out-of-bounds
2025-04-21 00:36:19,131 - ERROR - Error getting market data: single positional indexer is out-of-bounds
2025-04-21 00:36:19,156 - ERROR - Error getting market data: single positional indexer is out-of-bounds
2025-04-21 00:36:19,182 - INFO - Processing BERGEPAINT for intraday setups
2025-04-21 00:36:19,243 - ERROR - Error getting market data: single positional indexer is out-of-bounds
2025-04-21 00:36:19,320 - ERROR - Error creating chart for TITAN: string indices must be integers
2025-04-21 00:36:19,436 - INFO - Processing TORNTPHARM for intraday setups
2025-04-21 00:36:20,018 - ERROR - Error creating chart for SUNPHARMA: string indices must be integers
2025-04-21 00:36:20,046 - INFO - Processing PEL for intraday setups
2025-04-21 00:36:20,261 - ERROR - Error creating chart for AUROPHARMA: string indices must be integers
2025-04-21 00:36:20,297 - ERROR - Error creating chart for TATASTEEL: string indices must be integers
2025-04-21 00:36:20,301 - ERROR - Error getting market data: single positional indexer is out-of-bounds
2025-04-21 00:36:20,316 - INFO - Processing TATAPOWER for intraday setups
2025-04-21 00:36:20,344 - INFO - Processing DABUR for intraday setups
2025-04-21 00:36:20,445 - ERROR - Error creating chart for APOLLOHOSP: string indices must be integers
2025-04-21 00:36:20,581 - INFO - Processing MUTHOOTFIN for intraday setups
2025-04-21 00:36:20,655 - ERROR - Error getting market data: single positional indexer is out-of-bounds
2025-04-21 00:36:20,688 - ERROR - Error creating chart for HDFCAMC: string indices must be integers
2025-04-21 00:36:20,688 - INFO - Processing LUPIN for intraday setups
2025-04-21 00:36:21,012 - ERROR - Error getting market data: single positional indexer is out-of-bounds
2025-04-21 00:36:21,031 - ERROR - Error getting market data: single positional indexer is out-of-bounds
2025-04-21 00:36:21,554 - ERROR - Error getting market data: single positional indexer is out-of-bounds
2025-04-21 00:36:21,641 - ERROR - Error creating chart for MPHASIS: string indices must be integers
2025-04-21 00:36:21,694 - INFO - Processing BANDHANBNK for intraday setups
2025-04-21 00:36:22,149 - ERROR - Error creating chart for BERGEPAINT: string indices must be integers
2025-04-21 00:36:22,149 - INFO - Processing GODREJCP for intraday setups
2025-04-21 00:36:22,150 - ERROR - Error creating chart for HAVELLS: string indices must be integers
2025-04-21 00:36:22,150 - INFO - Processing AMBUJACEM for intraday setups
2025-04-21 00:36:22,259 - ERROR - Error getting market data: single positional indexer is out-of-bounds
2025-04-21 00:36:22,261 - INFO - Processing CADILAHC for intraday setups
2025-04-21 00:36:22,286 - ERROR - Error creating chart for PIIND: string indices must be integers
2025-04-21 00:36:22,331 - INFO - Processing BOSCHLTD for intraday setups
2025-04-21 00:36:22,466 - ERROR - Error getting market data: single positional indexer is out-of-bounds
2025-04-21 00:36:22,576 - ERROR - Error getting market data: single positional indexer is out-of-bounds
2025-04-21 00:36:22,602 - ERROR - Error getting market data: single positional indexer is out-of-bounds
2025-04-21 00:36:22,617 - INFO - Processing SIEMENS for intraday setups
2025-04-21 00:36:22,673 - INFO - Processing IRCTC for intraday setups
2025-04-21 00:36:22,677 - ERROR - Error creating chart for TORNTPHARM: string indices must be integers
2025-04-21 00:36:22,863 - INFO - Processing CHAMBLFERT for intraday setups
2025-04-21 00:36:22,924 - ERROR - Error creating chart for TATAPOWER: string indices must be integers
2025-04-21 00:36:22,925 - INFO - Processing GRANULES for intraday setups
2025-04-21 00:36:23,743 - ERROR - Error getting market data: single positional indexer is out-of-bounds
2025-04-21 00:36:24,352 - ERROR - Error creating chart for DABUR: string indices must be integers
2025-04-21 00:36:24,352 - INFO - Processing CANBK for intraday setups
2025-04-21 00:36:24,505 - ERROR - Error getting market data: single positional indexer is out-of-bounds
2025-04-21 00:36:24,537 - ERROR - Error getting market data: single positional indexer is out-of-bounds
2025-04-21 00:36:24,560 - ERROR - Error getting market data: single positional indexer is out-of-bounds
2025-04-21 00:36:25,332 - ERROR - Error creating chart for BANDHANBNK: string indices must be integers
2025-04-21 00:36:25,333 - INFO - Processing NATIONALUM for intraday setups
2025-04-21 00:36:25,368 - ERROR - Error creating chart for GODREJCP: string indices must be integers
2025-04-21 00:36:25,368 - INFO - Processing SAIL for intraday setups
2025-04-21 00:36:25,460 - ERROR - Error creating chart for AMBUJACEM: string indices must be integers
2025-04-21 00:36:25,461 - INFO - Processing PNB for intraday setups
2025-04-21 00:36:26,941 - ERROR - Error getting market data: single positional indexer is out-of-bounds
2025-04-21 00:36:26,955 - ERROR - $CADILAHC.NS: possibly delisted; no price data found  (period=60d) (Yahoo error = "No data found, symbol may be delisted")
2025-04-21 00:36:26,967 - INFO - Processing RVNL for intraday setups
2025-04-21 00:36:27,068 - ERROR - Error getting market data: single positional indexer is out-of-bounds
2025-04-21 00:36:27,084 - INFO - Processing CEATLTD for intraday setups
2025-04-21 00:36:27,103 - ERROR - Error getting market data: single positional indexer is out-of-bounds
2025-04-21 00:36:27,218 - ERROR - Error getting market data: single positional indexer is out-of-bounds
2025-04-21 00:36:27,245 - INFO - Processing HINDCOPPER for intraday setups
2025-04-21 00:36:27,267 - ERROR - Error getting market data: single positional indexer is out-of-bounds
2025-04-21 00:36:27,313 - INFO - Processing GMRINFRA for intraday setups
2025-04-21 00:36:27,360 - ERROR - Error getting market data: single positional indexer is out-of-bounds
2025-04-21 00:36:28,094 - ERROR - Error creating chart for BOSCHLTD: string indices must be integers
2025-04-21 00:36:28,094 - INFO - Processing BANKBARODA for intraday setups
2025-04-21 00:36:28,272 - ERROR - Error creating chart for CANBK: string indices must be integers
2025-04-21 00:36:28,278 - INFO - Processing FEDERALBNK for intraday setups
2025-04-21 00:36:28,311 - ERROR - Error creating chart for IRCTC: string indices must be integers
2025-04-21 00:36:28,328 - INFO - Processing ASHOKLEY for intraday setups
2025-04-21 00:36:29,614 - ERROR - Error getting market data: single positional indexer is out-of-bounds
2025-04-21 00:36:29,623 - INFO - Processing ABFRL for intraday setups
2025-04-21 00:36:30,922 - ERROR - Error getting market data: single positional indexer is out-of-bounds
2025-04-21 00:36:31,015 - ERROR - Error getting market data: single positional indexer is out-of-bounds
2025-04-21 00:36:31,020 - ERROR - $GMRINFRA.NS: possibly delisted; no price data found  (period=60d) (Yahoo error = "No data found, symbol may be delisted")
2025-04-21 00:36:31,020 - INFO - Processing TATACHEM for intraday setups
2025-04-21 00:36:31,128 - ERROR - Error getting market data: single positional indexer is out-of-bounds
2025-04-21 00:36:31,574 - ERROR - Error getting market data: single positional indexer is out-of-bounds
2025-04-21 00:36:31,608 - ERROR - Error processing CEATLTD: 'numpy.float64' object has no attribute 'shift'
2025-04-21 00:36:31,608 - INFO - Processing ADANIPOWER for intraday setups
2025-04-21 00:36:31,649 - ERROR - Error getting market data: single positional indexer is out-of-bounds
2025-04-21 00:36:31,651 - INFO - Processing MANAPPURAM for intraday setups
2025-04-21 00:36:31,723 - ERROR - Error creating chart for PNB: string indices must be integers
2025-04-21 00:36:31,741 - INFO - Processing NMDC for intraday setups
2025-04-21 00:36:32,033 - ERROR - Error getting market data: single positional indexer is out-of-bounds
2025-04-21 00:36:32,140 - ERROR - Error getting market data: single positional indexer is out-of-bounds
2025-04-21 00:36:32,542 - ERROR - Error getting market data: single positional indexer is out-of-bounds
2025-04-21 00:36:32,606 - ERROR - Error getting market data: single positional indexer is out-of-bounds
2025-04-21 00:36:32,630 - ERROR - Error creating chart for RVNL: string indices must be integers
2025-04-21 00:36:32,716 - ERROR - Error creating chart for SAIL: string indices must be integers
2025-04-21 00:36:32,765 - INFO - Processing IDFC for intraday setups
2025-04-21 00:36:32,816 - INFO - Processing EXIDEIND for intraday setups
2025-04-21 00:36:33,093 - ERROR - Error getting market data: single positional indexer is out-of-bounds
2025-04-21 00:36:33,302 - ERROR - $IDFC.NS: possibly delisted; no price data found  (period=60d)
2025-04-21 00:36:33,345 - ERROR - Error creating chart for BANKBARODA: string indices must be integers
2025-04-21 00:36:33,433 - INFO - Processing JINDALSAW for intraday setups
2025-04-21 00:36:33,710 - ERROR - Error getting market data: single positional indexer is out-of-bounds
2025-04-21 00:36:33,823 - ERROR - Error creating chart for ABFRL: string indices must be integers
2025-04-21 00:36:33,886 - ERROR - Error getting market data: single positional indexer is out-of-bounds
2025-04-21 00:36:33,904 - ERROR - Error creating chart for ASHOKLEY: string indices must be integers
2025-04-21 00:36:33,978 - ERROR - Error getting market data: single positional indexer is out-of-bounds
2025-04-21 00:36:34,006 - ERROR - Error creating chart for TATACHEM: string indices must be integers
2025-04-21 00:36:34,023 - ERROR - Error creating chart for FEDERALBNK: string indices must be integers
2025-04-21 00:36:34,330 - ERROR - Error creating chart for MANAPPURAM: string indices must be integers
2025-04-21 00:36:34,360 - ERROR - Error creating chart for ADANIPOWER: string indices must be integers
2025-04-21 00:36:34,557 - ERROR - Error getting market data: single positional indexer is out-of-bounds
2025-04-21 00:36:34,702 - ERROR - Error getting market data: single positional indexer is out-of-bounds
2025-04-21 00:36:34,878 - ERROR - Error creating chart for JINDALSAW: string indices must be integers
2025-04-21 00:36:38,449 - INFO - Saved 42 intraday setups to database
2025-04-21 00:36:38,810 - ERROR - Error getting market data: single positional indexer is out-of-bounds
2025-04-21 00:36:38,812 - INFO - Generated report saved to /home/zero/trading/intraday_output/intraday_setups_20250422.html
2025-04-21 00:48:46,823 - INFO - Intraday database initialized successfully
2025-04-21 00:48:46,824 - INFO - Starting intraday screener
2025-04-21 00:48:46,825 - INFO - Processing RELIANCE for intraday setups
2025-04-21 00:48:46,827 - INFO - Processing TCS for intraday setups
2025-04-21 00:48:46,829 - INFO - Processing HDFCBANK for intraday setups
2025-04-21 00:48:46,829 - INFO - Processing INFY for intraday setups
2025-04-21 00:48:46,830 - INFO - Processing HINDUNILVR for intraday setups
2025-04-21 00:48:46,831 - INFO - Processing ICICIBANK for intraday setups
2025-04-21 00:48:46,832 - INFO - Processing SBIN for intraday setups
2025-04-21 00:48:46,833 - INFO - Processing BHARTIARTL for intraday setups
2025-04-21 00:48:46,835 - INFO - Processing KOTAKBANK for intraday setups
2025-04-21 00:48:46,836 - INFO - Processing ITC for intraday setups
2025-04-21 00:48:49,047 - ERROR - Error getting market data: single positional indexer is out-of-bounds
2025-04-21 00:48:49,055 - INFO - Processing HDFC for intraday setups
2025-04-21 00:48:49,189 - ERROR - Error getting market data: single positional indexer is out-of-bounds
2025-04-21 00:48:49,222 - ERROR - Error getting market data: single positional indexer is out-of-bounds
2025-04-21 00:48:49,246 - ERROR - Error getting market data: single positional indexer is out-of-bounds
2025-04-21 00:48:49,289 - ERROR - Error getting market data: single positional indexer is out-of-bounds
2025-04-21 00:48:49,297 - INFO - Processing LT for intraday setups
2025-04-21 00:48:49,444 - ERROR - Error getting market data: single positional indexer is out-of-bounds
2025-04-21 00:48:49,474 - INFO - Processing AXISBANK for intraday setups
2025-04-21 00:48:49,513 - ERROR - Error getting market data: single positional indexer is out-of-bounds
2025-04-21 00:48:49,532 - INFO - Processing ASIANPAINT for intraday setups
2025-04-21 00:48:49,541 - ERROR - Error getting market data: single positional indexer is out-of-bounds
2025-04-21 00:48:49,613 - INFO - Processing MARUTI for intraday setups
2025-04-21 00:48:49,649 - ERROR - Error getting market data: single positional indexer is out-of-bounds
2025-04-21 00:48:49,862 - INFO - Processing BAJFINANCE for intraday setups
2025-04-21 00:48:49,926 - ERROR - Error creating chart for SBIN: string indices must be integers
2025-04-21 00:48:49,927 - INFO - Processing WIPRO for intraday setups
2025-04-21 00:48:49,968 - ERROR - Error creating chart for KOTAKBANK: string indices must be integers
2025-04-21 00:48:49,981 - ERROR - Error creating chart for ITC: string indices must be integers
2025-04-21 00:48:49,981 - INFO - Processing HCLTECH for intraday setups
2025-04-21 00:48:49,986 - INFO - Processing TITAN for intraday setups
2025-04-21 00:48:52,989 - ERROR - Error getting market data: single positional indexer is out-of-bounds
2025-04-21 00:48:53,376 - ERROR - Error creating chart for RELIANCE: string indices must be integers
2025-04-21 00:48:53,376 - INFO - Processing SUNPHARMA for intraday setups
2025-04-21 00:48:54,437 - ERROR - Error getting market data: single positional indexer is out-of-bounds
2025-04-21 00:48:54,484 - ERROR - $HDFC.NS: possibly delisted; no price data found  (period=60d) (Yahoo error = "No data found, symbol may be delisted")
2025-04-21 00:48:54,493 - INFO - Processing TATASTEEL for intraday setups
2025-04-21 00:48:54,602 - ERROR - Error getting market data: single positional indexer is out-of-bounds
2025-04-21 00:48:54,604 - INFO - Processing INDIGO for intraday setups
2025-04-21 00:48:54,607 - ERROR - Error getting market data: single positional indexer is out-of-bounds
2025-04-21 00:48:54,672 - ERROR - Error getting market data: single positional indexer is out-of-bounds
2025-04-21 00:48:54,683 - INFO - Processing BIOCON for intraday setups
2025-04-21 00:48:54,772 - ERROR - Error getting market data: single positional indexer is out-of-bounds
2025-04-21 00:48:54,780 - ERROR - Error getting market data: single positional indexer is out-of-bounds
2025-04-21 00:48:54,844 - INFO - Processing APOLLOHOSP for intraday setups
2025-04-21 00:48:54,871 - INFO - Processing AUROPHARMA for intraday setups
2025-04-21 00:48:55,011 - ERROR - Error getting market data: single positional indexer is out-of-bounds
2025-04-21 00:48:55,098 - ERROR - Error getting market data: single positional indexer is out-of-bounds
2025-04-21 00:48:55,100 - INFO - Processing HDFCAMC for intraday setups
2025-04-21 00:48:55,517 - ERROR - Error creating chart for TITAN: string indices must be integers
2025-04-21 00:48:55,529 - ERROR - Error creating chart for BAJFINANCE: string indices must be integers
2025-04-21 00:48:55,556 - INFO - Processing MPHASIS for intraday setups
2025-04-21 00:48:55,583 - INFO - Processing PIIND for intraday setups
2025-04-21 00:48:56,019 - ERROR - Error creating chart for MARUTI: string indices must be integers
2025-04-21 00:48:56,064 - INFO - Processing HAVELLS for intraday setups
2025-04-21 00:48:56,223 - ERROR - Error getting market data: single positional indexer is out-of-bounds
2025-04-21 00:48:56,289 - ERROR - Error getting market data: single positional indexer is out-of-bounds
2025-04-21 00:48:56,291 - INFO - Processing BERGEPAINT for intraday setups
2025-04-21 00:48:56,448 - ERROR - Error getting market data: single positional indexer is out-of-bounds
2025-04-21 00:48:56,765 - ERROR - Error creating chart for TATASTEEL: string indices must be integers
2025-04-21 00:48:56,771 - INFO - Processing TORNTPHARM for intraday setups
2025-04-21 00:48:56,787 - ERROR - Error getting market data: single positional indexer is out-of-bounds
2025-04-21 00:48:56,967 - ERROR - Error getting market data: single positional indexer is out-of-bounds
2025-04-21 00:48:57,096 - ERROR - Error getting market data: single positional indexer is out-of-bounds
2025-04-21 00:48:57,113 - INFO - Processing PEL for intraday setups
2025-04-21 00:48:57,354 - ERROR - Error creating chart for SUNPHARMA: string indices must be integers
2025-04-21 00:48:57,379 - ERROR - Error getting market data: single positional indexer is out-of-bounds
2025-04-21 00:48:57,414 - INFO - Processing TATAPOWER for intraday setups
2025-04-21 00:48:57,604 - ERROR - Error getting market data: single positional indexer is out-of-bounds
2025-04-21 00:48:57,798 - ERROR - Error getting market data: single positional indexer is out-of-bounds
2025-04-21 00:48:57,836 - ERROR - Error getting market data: single positional indexer is out-of-bounds
2025-04-21 00:48:58,002 - ERROR - Error creating chart for APOLLOHOSP: string indices must be integers
2025-04-21 00:48:58,231 - INFO - Processing DABUR for intraday setups
2025-04-21 00:48:58,256 - ERROR - Error creating chart for AUROPHARMA: string indices must be integers
2025-04-21 00:48:58,265 - INFO - Processing MUTHOOTFIN for intraday setups
2025-04-21 00:48:58,577 - ERROR - Error getting market data: single positional indexer is out-of-bounds
2025-04-21 00:48:58,866 - ERROR - Error creating chart for HDFCAMC: string indices must be integers
2025-04-21 00:48:58,887 - ERROR - Error creating chart for MPHASIS: string indices must be integers
2025-04-21 00:48:58,911 - INFO - Processing LUPIN for intraday setups
2025-04-21 00:48:58,921 - INFO - Processing BANDHANBNK for intraday setups
2025-04-21 00:48:59,078 - ERROR - Error getting market data: single positional indexer is out-of-bounds
2025-04-21 00:48:59,109 - ERROR - Error getting market data: single positional indexer is out-of-bounds
2025-04-21 00:48:59,157 - INFO - Processing GODREJCP for intraday setups
2025-04-21 00:48:59,257 - ERROR - Error creating chart for HAVELLS: string indices must be integers
2025-04-21 00:48:59,266 - ERROR - Error creating chart for PIIND: string indices must be integers
2025-04-21 00:48:59,325 - ERROR - Error getting market data: single positional indexer is out-of-bounds
2025-04-21 00:48:59,376 - INFO - Processing AMBUJACEM for intraday setups
2025-04-21 00:48:59,404 - INFO - Processing CADILAHC for intraday setups
2025-04-21 00:48:59,450 - ERROR - Error creating chart for BERGEPAINT: string indices must be integers
2025-04-21 00:48:59,640 - INFO - Processing BOSCHLTD for intraday setups
2025-04-21 00:48:59,837 - ERROR - Error creating chart for TORNTPHARM: string indices must be integers
2025-04-21 00:48:59,837 - INFO - Processing SIEMENS for intraday setups
2025-04-21 00:48:59,911 - ERROR - Error getting market data: single positional indexer is out-of-bounds
2025-04-21 00:49:00,016 - ERROR - Error creating chart for TATAPOWER: string indices must be integers
2025-04-21 00:49:00,033 - INFO - Processing IRCTC for intraday setups
2025-04-21 00:49:00,181 - ERROR - Error creating chart for DABUR: string indices must be integers
2025-04-21 00:49:00,182 - INFO - Processing CHAMBLFERT for intraday setups
2025-04-21 00:49:02,086 - ERROR - Error getting market data: single positional indexer is out-of-bounds
2025-04-21 00:49:02,088 - INFO - Processing GRANULES for intraday setups
2025-04-21 00:49:02,609 - ERROR - Error getting market data: single positional indexer is out-of-bounds
2025-04-21 00:49:02,611 - INFO - Processing CANBK for intraday setups
2025-04-21 00:49:02,686 - ERROR - Error getting market data: single positional indexer is out-of-bounds
2025-04-21 00:49:02,974 - ERROR - Error getting market data: single positional indexer is out-of-bounds
2025-04-21 00:49:03,046 - ERROR - Error getting market data: single positional indexer is out-of-bounds
2025-04-21 00:49:03,330 - ERROR - Error creating chart for GODREJCP: string indices must be integers
2025-04-21 00:49:03,330 - INFO - Processing NATIONALUM for intraday setups
2025-04-21 00:49:03,401 - ERROR - Error creating chart for BANDHANBNK: string indices must be integers
2025-04-21 00:49:03,432 - INFO - Processing SAIL for intraday setups
2025-04-21 00:49:03,471 - ERROR - Error creating chart for BOSCHLTD: string indices must be integers
2025-04-21 00:49:03,471 - INFO - Processing PNB for intraday setups
2025-04-21 00:49:04,502 - ERROR - Error getting market data: single positional indexer is out-of-bounds
2025-04-21 00:49:04,517 - ERROR - Error getting market data: single positional indexer is out-of-bounds
2025-04-21 00:49:04,555 - ERROR - $CADILAHC.NS: possibly delisted; no price data found  (period=60d) (Yahoo error = "No data found, symbol may be delisted")
2025-04-21 00:49:04,559 - INFO - Processing RVNL for intraday setups
2025-04-21 00:49:04,575 - ERROR - Error getting market data: single positional indexer is out-of-bounds
2025-04-21 00:49:04,585 - INFO - Processing CEATLTD for intraday setups
2025-04-21 00:49:04,632 - INFO - Processing HINDCOPPER for intraday setups
2025-04-21 00:49:04,742 - ERROR - Error getting market data: single positional indexer is out-of-bounds
2025-04-21 00:49:04,752 - INFO - Processing GMRINFRA for intraday setups
2025-04-21 00:49:04,856 - ERROR - Error getting market data: single positional indexer is out-of-bounds
2025-04-21 00:49:05,078 - ERROR - Error creating chart for AMBUJACEM: string indices must be integers
2025-04-21 00:49:05,078 - INFO - Processing BANKBARODA for intraday setups
2025-04-21 00:49:05,531 - ERROR - Error creating chart for IRCTC: string indices must be integers
2025-04-21 00:49:05,531 - INFO - Processing FEDERALBNK for intraday setups
2025-04-21 00:49:07,275 - ERROR - Error getting market data: single positional indexer is out-of-bounds
2025-04-21 00:49:07,307 - ERROR - Error getting market data: single positional indexer is out-of-bounds
2025-04-21 00:49:07,323 - INFO - Processing ASHOKLEY for intraday setups
2025-04-21 00:49:07,479 - ERROR - Error creating chart for CANBK: string indices must be integers
2025-04-21 00:49:07,479 - INFO - Processing ABFRL for intraday setups
2025-04-21 00:49:08,784 - ERROR - Error getting market data: single positional indexer is out-of-bounds
2025-04-21 00:49:08,831 - ERROR - $GMRINFRA.NS: possibly delisted; no price data found  (period=60d) (Yahoo error = "No data found, symbol may be delisted")
2025-04-21 00:49:08,836 - INFO - Processing TATACHEM for intraday setups
2025-04-21 00:49:09,035 - ERROR - Error getting market data: single positional indexer is out-of-bounds
2025-04-21 00:49:09,422 - ERROR - Error getting market data: single positional indexer is out-of-bounds
2025-04-21 00:49:09,441 - ERROR - Error getting market data: single positional indexer is out-of-bounds
2025-04-21 00:49:09,499 - ERROR - Error processing CEATLTD: 'numpy.float64' object has no attribute 'shift'
2025-04-21 00:49:09,540 - INFO - Processing ADANIPOWER for intraday setups
2025-04-21 00:49:09,808 - ERROR - Error creating chart for PNB: string indices must be integers
2025-04-21 00:49:09,808 - INFO - Processing MANAPPURAM for intraday setups
2025-04-21 00:49:09,839 - ERROR - Error getting market data: single positional indexer is out-of-bounds
2025-04-21 00:49:09,841 - INFO - Processing NMDC for intraday setups
2025-04-21 00:49:09,854 - ERROR - Error creating chart for RVNL: string indices must be integers
2025-04-21 00:49:09,855 - INFO - Processing IDFC for intraday setups
2025-04-21 00:49:09,950 - ERROR - Error creating chart for SAIL: string indices must be integers
2025-04-21 00:49:09,950 - INFO - Processing EXIDEIND for intraday setups
2025-04-21 00:49:10,088 - ERROR - Error getting market data: single positional indexer is out-of-bounds
2025-04-21 00:49:10,101 - ERROR - $IDFC.NS: possibly delisted; no price data found  (period=60d)
2025-04-21 00:49:10,101 - INFO - Processing JINDALSAW for intraday setups
2025-04-21 00:49:10,240 - ERROR - Error getting market data: single positional indexer is out-of-bounds
2025-04-21 00:49:10,327 - ERROR - Error getting market data: single positional indexer is out-of-bounds
2025-04-21 00:49:10,871 - ERROR - Error getting market data: single positional indexer is out-of-bounds
2025-04-21 00:49:10,996 - ERROR - Error getting market data: single positional indexer is out-of-bounds
2025-04-21 00:49:11,269 - ERROR - Error creating chart for BANKBARODA: string indices must be integers
2025-04-21 00:49:11,687 - ERROR - Error creating chart for ABFRL: string indices must be integers
2025-04-21 00:49:11,740 - ERROR - Error creating chart for FEDERALBNK: string indices must be integers
2025-04-21 00:49:11,904 - ERROR - Error getting market data: single positional indexer is out-of-bounds
2025-04-21 00:49:12,041 - ERROR - Error getting market data: single positional indexer is out-of-bounds
2025-04-21 00:49:12,064 - ERROR - Error getting market data: single positional indexer is out-of-bounds
2025-04-21 00:49:12,152 - ERROR - Error creating chart for ASHOKLEY: string indices must be integers
2025-04-21 00:49:12,168 - ERROR - Error creating chart for TATACHEM: string indices must be integers
2025-04-21 00:49:12,351 - ERROR - Error getting market data: single positional indexer is out-of-bounds
2025-04-21 00:49:12,394 - ERROR - Error creating chart for ADANIPOWER: string indices must be integers
2025-04-21 00:49:12,543 - ERROR - Error creating chart for MANAPPURAM: string indices must be integers
2025-04-21 00:49:12,708 - ERROR - Error creating chart for JINDALSAW: string indices must be integers
2025-04-21 00:49:12,709 - ERROR - Error getting market data: single positional indexer is out-of-bounds
2025-04-21 00:49:15,841 - INFO - Saved 42 intraday setups to database
2025-04-21 00:49:16,158 - ERROR - Error getting market data: single positional indexer is out-of-bounds
2025-04-21 00:49:16,159 - INFO - Generated report saved to /home/zero/trading/intraday_output/intraday_setups_20250422.html
